{"status": "FAILURE", "result": {"exc_type": "EncodeError", "exc_message": ["TypeError('Object of type Task is not JSON serializable')"], "exc_module": "kombu.exceptions"}, "traceback": "Traceback (most recent call last):\n  File \"d:\\python\\file\\fastapi\\testtasks\\.venv\\Lib\\site-packages\\kombu\\serialization.py\", line 41, in _reraise_errors\n    yield\n  File \"d:\\python\\file\\fastapi\\testtasks\\.venv\\Lib\\site-packages\\kombu\\serialization.py\", line 220, in dumps\n    payload = encoder(data)\n  File \"d:\\python\\file\\fastapi\\testtasks\\.venv\\Lib\\site-packages\\kombu\\utils\\json.py\", line 63, in dumps\n    return _dumps(s, cls=cls, **dict(default_kwargs, **kwargs))\n  File \"C:\\Users\\\u0410\u0440\u0442\u0435\u043c\\AppData\\Local\\Programs\\Python\\Python313\\Lib\\json\\__init__.py\", line 238, in dumps\n    **kw).encode(obj)\n          ~~~~~~^^^^^\n  File \"C:\\Users\\\u0410\u0440\u0442\u0435\u043c\\AppData\\Local\\Programs\\Python\\Python313\\Lib\\json\\encoder.py\", line 200, in encode\n    chunks = self.iterencode(o, _one_shot=True)\n  File \"C:\\Users\\\u0410\u0440\u0442\u0435\u043c\\AppData\\Local\\Programs\\Python\\Python313\\Lib\\json\\encoder.py\", line 261, in iterencode\n    return _iterencode(o, 0)\n  File \"d:\\python\\file\\fastapi\\testtasks\\.venv\\Lib\\site-packages\\kombu\\utils\\json.py\", line 47, in default\n    return super().default(o)\n           ~~~~~~~~~~~~~~~^^^\n  File \"C:\\Users\\\u0410\u0440\u0442\u0435\u043c\\AppData\\Local\\Programs\\Python\\Python313\\Lib\\json\\encoder.py\", line 180, in default\n    raise TypeError(f'Object of type {o.__class__.__name__} '\n                    f'is not JSON serializable')\nTypeError: Object of type Task is not JSON serializable\n\nDuring handling of the above exception, another exception occurred:\n\nTraceback (most recent call last):\n  File \"d:\\python\\file\\fastapi\\testtasks\\.venv\\Lib\\site-packages\\celery\\app\\trace.py\", line 550, in trace_task\n    task.backend.mark_as_done(\n    ~~~~~~~~~~~~~~~~~~~~~~~~~^\n        uuid, retval, task_request, publish_result,\n        ^^^^^^^^^^^^^^^^^^^^^^^^^^^^^^^^^^^^^^^^^^^\n    )\n    ^\n  File \"d:\\python\\file\\fastapi\\testtasks\\.venv\\Lib\\site-packages\\celery\\backends\\base.py\", line 184, in mark_as_done\n    self.store_result(task_id, result, state, request=request)\n    ~~~~~~~~~~~~~~~~~^^^^^^^^^^^^^^^^^^^^^^^^^^^^^^^^^^^^^^^^^\n  File \"d:\\python\\file\\fastapi\\testtasks\\.venv\\Lib\\site-packages\\celery\\backends\\base.py\", line 625, in store_result\n    self._store_result(task_id, result, state, traceback,\n    ~~~~~~~~~~~~~~~~~~^^^^^^^^^^^^^^^^^^^^^^^^^^^^^^^^^^^\n                       request=request, **kwargs)\n                       ^^^^^^^^^^^^^^^^^^^^^^^^^^\n  File \"d:\\python\\file\\fastapi\\testtasks\\.venv\\Lib\\site-packages\\celery\\backends\\base.py\", line 1080, in _store_result\n    self._set_with_state(self.get_key_for_task(task_id), self.encode(meta), state)\n                                                         ~~~~~~~~~~~^^^^^^\n  File \"d:\\python\\file\\fastapi\\testtasks\\.venv\\Lib\\site-packages\\celery\\backends\\base.py\", line 512, in encode\n    _, _, payload = self._encode(data)\n                    ~~~~~~~~~~~~^^^^^^\n  File \"d:\\python\\file\\fastapi\\testtasks\\.venv\\Lib\\site-packages\\celery\\backends\\base.py\", line 516, in _encode\n    return dumps(data, serializer=self.serializer)\n  File \"d:\\python\\file\\fastapi\\testtasks\\.venv\\Lib\\site-packages\\kombu\\serialization.py\", line 219, in dumps\n    with _reraise_errors(EncodeError):\n         ~~~~~~~~~~~~~~~^^^^^^^^^^^^^\n  File \"C:\\Users\\\u0410\u0440\u0442\u0435\u043c\\AppData\\Local\\Programs\\Python\\Python313\\Lib\\contextlib.py\", line 162, in __exit__\n    self.gen.throw(value)\n    ~~~~~~~~~~~~~~^^^^^^^\n  File \"d:\\python\\file\\fastapi\\testtasks\\.venv\\Lib\\site-packages\\kombu\\serialization.py\", line 45, in _reraise_errors\n    reraise(wrapper, wrapper(exc), sys.exc_info()[2])\n    ~~~~~~~^^^^^^^^^^^^^^^^^^^^^^^^^^^^^^^^^^^^^^^^^^\n  File \"d:\\python\\file\\fastapi\\testtasks\\.venv\\Lib\\site-packages\\kombu\\exceptions.py\", line 34, in reraise\n    raise value.with_traceback(tb)\n  File \"d:\\python\\file\\fastapi\\testtasks\\.venv\\Lib\\site-packages\\kombu\\serialization.py\", line 41, in _reraise_errors\n    yield\n  File \"d:\\python\\file\\fastapi\\testtasks\\.venv\\Lib\\site-packages\\kombu\\serialization.py\", line 220, in dumps\n    payload = encoder(data)\n  File \"d:\\python\\file\\fastapi\\testtasks\\.venv\\Lib\\site-packages\\kombu\\utils\\json.py\", line 63, in dumps\n    return _dumps(s, cls=cls, **dict(default_kwargs, **kwargs))\n  File \"C:\\Users\\\u0410\u0440\u0442\u0435\u043c\\AppData\\Local\\Programs\\Python\\Python313\\Lib\\json\\__init__.py\", line 238, in dumps\n    **kw).encode(obj)\n          ~~~~~~^^^^^\n  File \"C:\\Users\\\u0410\u0440\u0442\u0435\u043c\\AppData\\Local\\Programs\\Python\\Python313\\Lib\\json\\encoder.py\", line 200, in encode\n    chunks = self.iterencode(o, _one_shot=True)\n  File \"C:\\Users\\\u0410\u0440\u0442\u0435\u043c\\AppData\\Local\\Programs\\Python\\Python313\\Lib\\json\\encoder.py\", line 261, in iterencode\n    return _iterencode(o, 0)\n  File \"d:\\python\\file\\fastapi\\testtasks\\.venv\\Lib\\site-packages\\kombu\\utils\\json.py\", line 47, in default\n    return super().default(o)\n           ~~~~~~~~~~~~~~~^^^\n  File \"C:\\Users\\\u0410\u0440\u0442\u0435\u043c\\AppData\\Local\\Programs\\Python\\Python313\\Lib\\json\\encoder.py\", line 180, in default\n    raise TypeError(f'Object of type {o.__class__.__name__} '\n                    f'is not JSON serializable')\nkombu.exceptions.EncodeError: Object of type Task is not JSON serializable\n", "children": [], "date_done": "2025-12-26T11:16:05.646331+00:00", "task_id": "1eb6a8ac-e63f-4c16-adad-47eee86535fc"}